2024-07-17T19:06:32.435+08:00 DEBUG 18888 --- [http-nio-8080-exec-2] s.w.s.m.m.a.RequestMappingHandlerMapping : Mapped to org.springframework.boot.autoconfigure.web.servlet.error.BasicErrorController#error(HttpServletRequest)
2024-07-17T19:06:32.435+08:00 DEBUG 18888 --- [http-nio-8080-exec-1] s.w.s.m.m.a.RequestMappingHandlerMapping : Mapped to org.springframework.boot.autoconfigure.web.servlet.error.BasicErrorController#error(HttpServletRequest)
2024-07-17T19:06:32.435+08:00 DEBUG 18888 --- [http-nio-8080-exec-6] s.w.s.m.m.a.RequestMappingHandlerMapping : Mapped to org.springframework.boot.autoconfigure.web.servlet.error.BasicErrorController#error(HttpServletRequest)
2024-07-17T19:06:32.435+08:00 DEBUG 18888 --- [http-nio-8080-exec-10] s.w.s.m.m.a.RequestMappingHandlerMapping : Mapped to org.springframework.boot.autoconfigure.web.servlet.error.BasicErrorController#error(HttpServletRequest)
2024-07-17T19:06:32.435+08:00 DEBUG 18888 --- [http-nio-8080-exec-8] s.w.s.m.m.a.RequestMappingHandlerMapping : Mapped to org.springframework.boot.autoconfigure.web.servlet.error.BasicErrorController#error(HttpServletRequest)
2024-07-17T19:06:32.435+08:00 DEBUG 18888 --- [http-nio-8080-exec-4] s.w.s.m.m.a.RequestMappingHandlerMapping : Mapped to org.springframework.boot.autoconfigure.web.servlet.error.BasicErrorController#error(HttpServletRequest)
2024-07-17T19:06:32.437+08:00 DEBUG 18888 --- [http-nio-8080-exec-1] o.s.w.s.m.m.a.HttpEntityMethodProcessor  : Using 'application/json;q=0.8', given [image/avif, image/webp, image/apng, image/svg+xml, image/*, */*;q=0.8] and supported [application/json, application/*+json]
2024-07-17T19:06:32.437+08:00 DEBUG 18888 --- [http-nio-8080-exec-6] o.s.w.s.m.m.a.HttpEntityMethodProcessor  : Using 'application/json;q=0.8', given [image/avif, image/webp, image/apng, image/svg+xml, image/*, */*;q=0.8] and supported [application/json, application/*+json]
2024-07-17T19:06:32.437+08:00 DEBUG 18888 --- [http-nio-8080-exec-2] o.s.w.s.m.m.a.HttpEntityMethodProcessor  : Using 'application/json;q=0.8', given [image/avif, image/webp, image/apng, image/svg+xml, image/*, */*;q=0.8] and supported [application/json, application/*+json]
2024-07-17T19:06:32.437+08:00 DEBUG 18888 --- [http-nio-8080-exec-10] o.s.w.s.m.m.a.HttpEntityMethodProcessor  : Using 'application/json;q=0.8', given [image/avif, image/webp, image/apng, image/svg+xml, image/*, */*;q=0.8] and supported [application/json, application/*+json]
2024-07-17T19:06:32.437+08:00 DEBUG 18888 --- [http-nio-8080-exec-8] o.s.w.s.m.m.a.HttpEntityMethodProcessor  : Using 'application/json;q=0.8', given [image/avif, image/webp, image/apng, image/svg+xml, image/*, */*;q=0.8] and supported [application/json, application/*+json]
2024-07-17T19:06:32.437+08:00 DEBUG 18888 --- [http-nio-8080-exec-4] o.s.w.s.m.m.a.HttpEntityMethodProcessor  : Using 'application/json;q=0.8', given [image/avif, image/webp, image/apng, image/svg+xml, image/*, */*;q=0.8] and supported [application/json, application/*+json]
2024-07-17T19:06:32.437+08:00 DEBUG 18888 --- [http-nio-8080-exec-10] o.s.w.s.m.m.a.HttpEntityMethodProcessor  : Writing [{timestamp=Wed Jul 17 19:06:32 CST 2024, status=404, error=Not Found, message=No message available,  (truncated)...]
2024-07-17T19:06:32.437+08:00 DEBUG 18888 --- [http-nio-8080-exec-6] o.s.w.s.m.m.a.HttpEntityMethodProcessor  : Writing [{timestamp=Wed Jul 17 19:06:32 CST 2024, status=404, error=Not Found, message=No message available,  (truncated)...]
2024-07-17T19:06:32.437+08:00 DEBUG 18888 --- [http-nio-8080-exec-8] o.s.w.s.m.m.a.HttpEntityMethodProcessor  : Writing [{timestamp=Wed Jul 17 19:06:32 CST 2024, status=404, error=Not Found, message=No message available,  (truncated)...]
2024-07-17T19:06:32.437+08:00 DEBUG 18888 --- [http-nio-8080-exec-4] o.s.w.s.m.m.a.HttpEntityMethodProcessor  : Writing [{timestamp=Wed Jul 17 19:06:32 CST 2024, status=404, error=Not Found, message=No message available,  (truncated)...]
2024-07-17T19:06:32.437+08:00 DEBUG 18888 --- [http-nio-8080-exec-1] o.s.w.s.m.m.a.HttpEntityMethodProcessor  : Writing [{timestamp=Wed Jul 17 19:06:32 CST 2024, status=404, error=Not Found, message=No message available,  (truncated)...]
2024-07-17T19:06:32.437+08:00 DEBUG 18888 --- [http-nio-8080-exec-2] o.s.w.s.m.m.a.HttpEntityMethodProcessor  : Writing [{timestamp=Wed Jul 17 19:06:32 CST 2024, status=404, error=Not Found, message=No message available,  (truncated)...]
2024-07-17T19:06:32.437+08:00 DEBUG 18888 --- [http-nio-8080-exec-2] o.s.web.servlet.DispatcherServlet        : Exiting from "ERROR" dispatch, status 404
2024-07-17T19:06:32.437+08:00 DEBUG 18888 --- [http-nio-8080-exec-1] o.s.web.servlet.DispatcherServlet        : Exiting from "ERROR" dispatch, status 404
2024-07-17T19:06:32.437+08:00 DEBUG 18888 --- [http-nio-8080-exec-4] o.s.web.servlet.DispatcherServlet        : Exiting from "ERROR" dispatch, status 404
2024-07-17T19:06:32.437+08:00 DEBUG 18888 --- [http-nio-8080-exec-8] o.s.web.servlet.DispatcherServlet        : Exiting from "ERROR" dispatch, status 404
2024-07-17T19:06:32.437+08:00 DEBUG 18888 --- [http-nio-8080-exec-6] o.s.web.servlet.DispatcherServlet        : Exiting from "ERROR" dispatch, status 404
2024-07-17T19:06:32.437+08:00 DEBUG 18888 --- [http-nio-8080-exec-10] o.s.web.servlet.DispatcherServlet        : Exiting from "ERROR" dispatch, status 404
2024-07-17T19:06:32.441+08:00 DEBUG 18888 --- [http-nio-8080-exec-10] o.s.web.servlet.DispatcherServlet        : GET "/static/imgs/font/DelightfulBlackRegular.png", parameters={}
2024-07-17T19:06:32.441+08:00 DEBUG 18888 --- [http-nio-8080-exec-2] o.s.web.servlet.DispatcherServlet        : GET "/static/imgs/font/CangarYuyangW04.png", parameters={}
2024-07-17T19:06:32.441+08:00 DEBUG 18888 --- [http-nio-8080-exec-4] o.s.web.servlet.DispatcherServlet        : GET "/static/imgs/font/CangarZhoukeZhengdaPungshu.png", parameters={}
2024-07-17T19:06:32.441+08:00 DEBUG 18888 --- [http-nio-8080-exec-3] o.s.web.servlet.DispatcherServlet        : GET "/static/imgs/font/DotPixel.png", parameters={}
2024-07-17T19:06:32.441+08:00 DEBUG 18888 --- [http-nio-8080-exec-6] o.s.web.servlet.DispatcherServlet        : GET "/static/imgs/font/CangarYuyangW03.png", parameters={}
2024-07-17T19:06:32.441+08:00 DEBUG 18888 --- [http-nio-8080-exec-7] o.s.web.servlet.DispatcherServlet        : GET "/static/imgs/font/HuXiaoboMaleGod.png", parameters={}
2024-07-17T19:06:32.442+08:00 DEBUG 18888 --- [http-nio-8080-exec-7] o.s.w.s.handler.SimpleUrlHandlerMapping  : Mapped to ResourceHttpRequestHandler [classpath [META-INF/resources/], classpath [resources/], classpath [static/], classpath [public/], ServletContext [/]]
2024-07-17T19:06:32.442+08:00 DEBUG 18888 --- [http-nio-8080-exec-10] o.s.w.s.handler.SimpleUrlHandlerMapping  : Mapped to ResourceHttpRequestHandler [classpath [META-INF/resources/], classpath [resources/], classpath [static/], classpath [public/], ServletContext [/]]
2024-07-17T19:06:32.442+08:00 DEBUG 18888 --- [http-nio-8080-exec-3] o.s.w.s.handler.SimpleUrlHandlerMapping  : Mapped to ResourceHttpRequestHandler [classpath [META-INF/resources/], classpath [resources/], classpath [static/], classpath [public/], ServletContext [/]]
2024-07-17T19:06:32.442+08:00 DEBUG 18888 --- [http-nio-8080-exec-6] o.s.w.s.handler.SimpleUrlHandlerMapping  : Mapped to ResourceHttpRequestHandler [classpath [META-INF/resources/], classpath [resources/], classpath [static/], classpath [public/], ServletContext [/]]
2024-07-17T19:06:32.442+08:00 DEBUG 18888 --- [http-nio-8080-exec-2] o.s.w.s.handler.SimpleUrlHandlerMapping  : Mapped to ResourceHttpRequestHandler [classpath [META-INF/resources/], classpath [resources/], classpath [static/], classpath [public/], ServletContext [/]]
2024-07-17T19:06:32.442+08:00 DEBUG 18888 --- [http-nio-8080-exec-4] o.s.w.s.handler.SimpleUrlHandlerMapping  : Mapped to ResourceHttpRequestHandler [classpath [META-INF/resources/], classpath [resources/], classpath [static/], classpath [public/], ServletContext [/]]
2024-07-17T19:06:32.442+08:00 DEBUG 18888 --- [http-nio-8080-exec-6] o.s.w.s.r.ResourceHttpRequestHandler     : Resource not found
2024-07-17T19:06:32.442+08:00 DEBUG 18888 --- [http-nio-8080-exec-3] o.s.w.s.r.ResourceHttpRequestHandler     : Resource not found
2024-07-17T19:06:32.442+08:00 DEBUG 18888 --- [http-nio-8080-exec-2] o.s.w.s.r.ResourceHttpRequestHandler     : Resource not found
2024-07-17T19:06:32.442+08:00 DEBUG 18888 --- [http-nio-8080-exec-3] o.s.web.servlet.DispatcherServlet        : Completed 404 NOT_FOUND
2024-07-17T19:06:32.442+08:00 DEBUG 18888 --- [http-nio-8080-exec-7] o.s.w.s.r.ResourceHttpRequestHandler     : Resource not found
2024-07-17T19:06:32.442+08:00 DEBUG 18888 --- [http-nio-8080-exec-4] o.s.w.s.r.ResourceHttpRequestHandler     : Resource not found
2024-07-17T19:06:32.442+08:00 DEBUG 18888 --- [http-nio-8080-exec-10] o.s.w.s.r.ResourceHttpRequestHandler     : Resource not found
2024-07-17T19:06:32.442+08:00 DEBUG 18888 --- [http-nio-8080-exec-4] o.s.web.servlet.DispatcherServlet        : Completed 404 NOT_FOUND
2024-07-17T19:06:32.442+08:00 DEBUG 18888 --- [http-nio-8080-exec-10] o.s.web.servlet.DispatcherServlet        : Completed 404 NOT_FOUND
2024-07-17T19:06:32.442+08:00 DEBUG 18888 --- [http-nio-8080-exec-6] o.s.web.servlet.DispatcherServlet        : Completed 404 NOT_FOUND
2024-07-17T19:06:32.442+08:00 DEBUG 18888 --- [http-nio-8080-exec-2] o.s.web.servlet.DispatcherServlet        : Completed 404 NOT_FOUND
2024-07-17T19:06:32.442+08:00 DEBUG 18888 --- [http-nio-8080-exec-7] o.s.web.servlet.DispatcherServlet        : Completed 404 NOT_FOUND
2024-07-17T19:06:32.442+08:00 DEBUG 18888 --- [http-nio-8080-exec-4] o.s.web.servlet.DispatcherServlet        : "ERROR" dispatch for GET "/error", parameters={}
2024-07-17T19:06:32.442+08:00 DEBUG 18888 --- [http-nio-8080-exec-3] o.s.web.servlet.DispatcherServlet        : "ERROR" dispatch for GET "/error", parameters={}
2024-07-17T19:06:32.442+08:00 DEBUG 18888 --- [http-nio-8080-exec-10] o.s.web.servlet.DispatcherServlet        : "ERROR" dispatch for GET "/error", parameters={}
2024-07-17T19:06:32.443+08:00 DEBUG 18888 --- [http-nio-8080-exec-2] o.s.web.servlet.DispatcherServlet        : "ERROR" dispatch for GET "/error", parameters={}
2024-07-17T19:06:32.443+08:00 DEBUG 18888 --- [http-nio-8080-exec-6] o.s.web.servlet.DispatcherServlet        : "ERROR" dispatch for GET "/error", parameters={}
2024-07-17T19:06:32.443+08:00 DEBUG 18888 --- [http-nio-8080-exec-7] o.s.web.servlet.DispatcherServlet        : "ERROR" dispatch for GET "/error", parameters={}
2024-07-17T19:06:32.443+08:00 DEBUG 18888 --- [http-nio-8080-exec-2] s.w.s.m.m.a.RequestMappingHandlerMapping : Mapped to org.springframework.boot.autoconfigure.web.servlet.error.BasicErrorController#error(HttpServletRequest)
2024-07-17T19:06:32.443+08:00 DEBUG 18888 --- [http-nio-8080-exec-6] s.w.s.m.m.a.RequestMappingHandlerMapping : Mapped to org.springframework.boot.autoconfigure.web.servlet.error.BasicErrorController#error(HttpServletRequest)
2024-07-17T19:06:32.443+08:00 DEBUG 18888 --- [http-nio-8080-exec-10] s.w.s.m.m.a.RequestMappingHandlerMapping : Mapped to org.springframework.boot.autoconfigure.web.servlet.error.BasicErrorController#error(HttpServletRequest)
2024-07-17T19:06:32.443+08:00 DEBUG 18888 --- [http-nio-8080-exec-4] s.w.s.m.m.a.RequestMappingHandlerMapping : Mapped to org.springframework.boot.autoconfigure.web.servlet.error.BasicErrorController#error(HttpServletRequest)
2024-07-17T19:06:32.443+08:00 DEBUG 18888 --- [http-nio-8080-exec-3] s.w.s.m.m.a.RequestMappingHandlerMapping : Mapped to org.springframework.boot.autoconfigure.web.servlet.error.BasicErrorController#error(HttpServletRequest)
2024-07-17T19:06:32.443+08:00 DEBUG 18888 --- [http-nio-8080-exec-7] s.w.s.m.m.a.RequestMappingHandlerMapping : Mapped to org.springframework.boot.autoconfigure.web.servlet.error.BasicErrorController#error(HttpServletRequest)
2024-07-17T19:06:32.443+08:00 DEBUG 18888 --- [http-nio-8080-exec-10] o.s.w.s.m.m.a.HttpEntityMethodProcessor  : Using 'application/json;q=0.8', given [image/avif, image/webp, image/apng, image/svg+xml, image/*, */*;q=0.8] and supported [application/json, application/*+json]
2024-07-17T19:06:32.443+08:00 DEBUG 18888 --- [http-nio-8080-exec-6] o.s.w.s.m.m.a.HttpEntityMethodProcessor  : Using 'application/json;q=0.8', given [image/avif, image/webp, image/apng, image/svg+xml, image/*, */*;q=0.8] and supported [application/json, application/*+json]
2024-07-17T19:06:32.443+08:00 DEBUG 18888 --- [http-nio-8080-exec-4] o.s.w.s.m.m.a.HttpEntityMethodProcessor  : Using 'application/json;q=0.8', given [image/avif, image/webp, image/apng, image/svg+xml, image/*, */*;q=0.8] and supported [application/json, application/*+json]
2024-07-17T19:06:32.443+08:00 DEBUG 18888 --- [http-nio-8080-exec-2] o.s.w.s.m.m.a.HttpEntityMethodProcessor  : Using 'application/json;q=0.8', given [image/avif, image/webp, image/apng, image/svg+xml, image/*, */*;q=0.8] and supported [application/json, application/*+json]
2024-07-17T19:06:32.443+08:00 DEBUG 18888 --- [http-nio-8080-exec-3] o.s.w.s.m.m.a.HttpEntityMethodProcessor  : Using 'application/json;q=0.8', given [image/avif, image/webp, image/apng, image/svg+xml, image/*, */*;q=0.8] and supported [application/json, application/*+json]
2024-07-17T19:06:32.443+08:00 DEBUG 18888 --- [http-nio-8080-exec-7] o.s.w.s.m.m.a.HttpEntityMethodProcessor  : Using 'application/json;q=0.8', given [image/avif, image/webp, image/apng, image/svg+xml, image/*, */*;q=0.8] and supported [application/json, application/*+json]
2024-07-17T19:06:32.443+08:00 DEBUG 18888 --- [http-nio-8080-exec-4] o.s.w.s.m.m.a.HttpEntityMethodProcessor  : Writing [{timestamp=Wed Jul 17 19:06:32 CST 2024, status=404, error=Not Found, message=No message available,  (truncated)...]
2024-07-17T19:06:32.443+08:00 DEBUG 18888 --- [http-nio-8080-exec-6] o.s.w.s.m.m.a.HttpEntityMethodProcessor  : Writing [{timestamp=Wed Jul 17 19:06:32 CST 2024, status=404, error=Not Found, message=No message available,  (truncated)...]
2024-07-17T19:06:32.443+08:00 DEBUG 18888 --- [http-nio-8080-exec-2] o.s.w.s.m.m.a.HttpEntityMethodProcessor  : Writing [{timestamp=Wed Jul 17 19:06:32 CST 2024, status=404, error=Not Found, message=No message available,  (truncated)...]
2024-07-17T19:06:32.443+08:00 DEBUG 18888 --- [http-nio-8080-exec-3] o.s.w.s.m.m.a.HttpEntityMethodProcessor  : Writing [{timestamp=Wed Jul 17 19:06:32 CST 2024, status=404, error=Not Found, message=No message available,  (truncated)...]
2024-07-17T19:06:32.443+08:00 DEBUG 18888 --- [http-nio-8080-exec-7] o.s.w.s.m.m.a.HttpEntityMethodProcessor  : Writing [{timestamp=Wed Jul 17 19:06:32 CST 2024, status=404, error=Not Found, message=No message available,  (truncated)...]
2024-07-17T19:06:32.443+08:00 DEBUG 18888 --- [http-nio-8080-exec-10] o.s.w.s.m.m.a.HttpEntityMethodProcessor  : Writing [{timestamp=Wed Jul 17 19:06:32 CST 2024, status=404, error=Not Found, message=No message available,  (truncated)...]
2024-07-17T19:06:32.443+08:00 DEBUG 18888 --- [http-nio-8080-exec-6] o.s.web.servlet.DispatcherServlet        : Exiting from "ERROR" dispatch, status 404
2024-07-17T19:06:32.443+08:00 DEBUG 18888 --- [http-nio-8080-exec-10] o.s.web.servlet.DispatcherServlet        : Exiting from "ERROR" dispatch, status 404
2024-07-17T19:06:32.443+08:00 DEBUG 18888 --- [http-nio-8080-exec-4] o.s.web.servlet.DispatcherServlet        : Exiting from "ERROR" dispatch, status 404
2024-07-17T19:06:32.443+08:00 DEBUG 18888 --- [http-nio-8080-exec-2] o.s.web.servlet.DispatcherServlet        : Exiting from "ERROR" dispatch, status 404
2024-07-17T19:06:32.443+08:00 DEBUG 18888 --- [http-nio-8080-exec-3] o.s.web.servlet.DispatcherServlet        : Exiting from "ERROR" dispatch, status 404
2024-07-17T19:06:32.443+08:00 DEBUG 18888 --- [http-nio-8080-exec-7] o.s.web.servlet.DispatcherServlet        : Exiting from "ERROR" dispatch, status 404
2024-07-17T19:06:32.447+08:00 DEBUG 18888 --- [http-nio-8080-exec-10] o.s.web.servlet.DispatcherServlet        : GET "/static/imgs/font/HuXiaoboZhenshuai.png", parameters={}
2024-07-17T19:06:32.447+08:00 DEBUG 18888 --- [http-nio-8080-exec-6] o.s.web.servlet.DispatcherServlet        : GET "/static/imgs/font/HuXiaoboSlutty.png", parameters={}
2024-07-17T19:06:32.447+08:00 DEBUG 18888 --- [http-nio-8080-exec-3] o.s.web.servlet.DispatcherServlet        : GET "/static/imgs/font/LabelXiaozhiBoundlessBlack.png", parameters={}
2024-07-17T19:06:32.447+08:00 DEBUG 18888 --- [http-nio-8080-exec-10] o.s.w.s.handler.SimpleUrlHandlerMapping  : Mapped to ResourceHttpRequestHandler [classpath [META-INF/resources/], classpath [resources/], classpath [static/], classpath [public/], ServletContext [/]]
2024-07-17T19:06:32.447+08:00 DEBUG 18888 --- [http-nio-8080-exec-6] o.s.w.s.handler.SimpleUrlHandlerMapping  : Mapped to ResourceHttpRequestHandler [classpath [META-INF/resources/], classpath [resources/], classpath [static/], classpath [public/], ServletContext [/]]
2024-07-17T19:06:32.447+08:00 DEBUG 18888 --- [http-nio-8080-exec-3] o.s.w.s.handler.SimpleUrlHandlerMapping  : Mapped to ResourceHttpRequestHandler [classpath [META-INF/resources/], classpath [resources/], classpath [static/], classpath [public/], ServletContext [/]]
2024-07-17T19:06:32.447+08:00 DEBUG 18888 --- [http-nio-8080-exec-6] o.s.w.s.r.ResourceHttpRequestHandler     : Resource not found
2024-07-17T19:06:32.447+08:00 DEBUG 18888 --- [http-nio-8080-exec-10] o.s.w.s.r.ResourceHttpRequestHandler     : Resource not found
2024-07-17T19:06:32.447+08:00 DEBUG 18888 --- [http-nio-8080-exec-3] o.s.w.s.r.ResourceHttpRequestHandler     : Resource not found
2024-07-17T19:06:32.447+08:00 DEBUG 18888 --- [http-nio-8080-exec-6] o.s.web.servlet.DispatcherServlet        : Completed 404 NOT_FOUND
2024-07-17T19:06:32.447+08:00 DEBUG 18888 --- [http-nio-8080-exec-10] o.s.web.servlet.DispatcherServlet        : Completed 404 NOT_FOUND
2024-07-17T19:06:32.447+08:00 DEBUG 18888 --- [http-nio-8080-exec-3] o.s.web.servlet.DispatcherServlet        : Completed 404 NOT_FOUND
2024-07-17T19:06:32.448+08:00 DEBUG 18888 --- [http-nio-8080-exec-10] o.s.web.servlet.DispatcherServlet        : "ERROR" dispatch for GET "/error", parameters={}
2024-07-17T19:06:32.448+08:00 DEBUG 18888 --- [http-nio-8080-exec-3] o.s.web.servlet.DispatcherServlet        : "ERROR" dispatch for GET "/error", parameters={}
2024-07-17T19:06:32.448+08:00 DEBUG 18888 --- [http-nio-8080-exec-6] o.s.web.servlet.DispatcherServlet        : "ERROR" dispatch for GET "/error", parameters={}
2024-07-17T19:06:32.448+08:00 DEBUG 18888 --- [http-nio-8080-exec-10] s.w.s.m.m.a.RequestMappingHandlerMapping : Mapped to org.springframework.boot.autoconfigure.web.servlet.error.BasicErrorController#error(HttpServletRequest)
2024-07-17T19:06:32.448+08:00 DEBUG 18888 --- [http-nio-8080-exec-6] s.w.s.m.m.a.RequestMappingHandlerMapping : Mapped to org.springframework.boot.autoconfigure.web.servlet.error.BasicErrorController#error(HttpServletRequest)
2024-07-17T19:06:32.448+08:00 DEBUG 18888 --- [http-nio-8080-exec-3] s.w.s.m.m.a.RequestMappingHandlerMapping : Mapped to org.springframework.boot.autoconfigure.web.servlet.error.BasicErrorController#error(HttpServletRequest)
2024-07-17T19:06:32.448+08:00 DEBUG 18888 --- [http-nio-8080-exec-10] o.s.w.s.m.m.a.HttpEntityMethodProcessor  : Using 'application/json;q=0.8', given [image/avif, image/webp, image/apng, image/svg+xml, image/*, */*;q=0.8] and supported [application/json, application/*+json]
2024-07-17T19:06:32.448+08:00 DEBUG 18888 --- [http-nio-8080-exec-6] o.s.w.s.m.m.a.HttpEntityMethodProcessor  : Using 'application/json;q=0.8', given [image/avif, image/webp, image/apng, image/svg+xml, image/*, */*;q=0.8] and supported [application/json, application/*+json]
2024-07-17T19:06:32.448+08:00 DEBUG 18888 --- [http-nio-8080-exec-3] o.s.w.s.m.m.a.HttpEntityMethodProcessor  : Using 'application/json;q=0.8', given [image/avif, image/webp, image/apng, image/svg+xml, image/*, */*;q=0.8] and supported [application/json, application/*+json]
2024-07-17T19:06:32.448+08:00 DEBUG 18888 --- [http-nio-8080-exec-10] o.s.w.s.m.m.a.HttpEntityMethodProcessor  : Writing [{timestamp=Wed Jul 17 19:06:32 CST 2024, status=404, error=Not Found, message=No message available,  (truncated)...]
2024-07-17T19:06:32.448+08:00 DEBUG 18888 --- [http-nio-8080-exec-3] o.s.w.s.m.m.a.HttpEntityMethodProcessor  : Writing [{timestamp=Wed Jul 17 19:06:32 CST 2024, status=404, error=Not Found, message=No message available,  (truncated)...]
2024-07-17T19:06:32.448+08:00 DEBUG 18888 --- [http-nio-8080-exec-6] o.s.w.s.m.m.a.HttpEntityMethodProcessor  : Writing [{timestamp=Wed Jul 17 19:06:32 CST 2024, status=404, error=Not Found, message=No message available,  (truncated)...]
2024-07-17T19:06:32.448+08:00 DEBUG 18888 --- [http-nio-8080-exec-6] o.s.web.servlet.DispatcherServlet        : Exiting from "ERROR" dispatch, status 404
2024-07-17T19:06:32.448+08:00 DEBUG 18888 --- [http-nio-8080-exec-3] o.s.web.servlet.DispatcherServlet        : Exiting from "ERROR" dispatch, status 404
2024-07-17T19:06:32.448+08:00 DEBUG 18888 --- [http-nio-8080-exec-10] o.s.web.servlet.DispatcherServlet        : Exiting from "ERROR" dispatch, status 404
2024-07-17T19:07:22.599+08:00 DEBUG 18888 --- [SpringApplicationShutdownHook] o.s.b.a.ApplicationAvailabilityBean      : Application availability state ReadinessState changed from ACCEPTING_TRAFFIC to REFUSING_TRAFFIC
2024-07-17T19:07:22.599+08:00 DEBUG 18888 --- [SpringApplicationShutdownHook] ConfigServletWebServerApplicationContext : Closing org.springframework.boot.web.servlet.context.AnnotationConfigServletWebServerApplicationContext@42e4b1e4, started on Wed Jul 17 12:28:56 CST 2024
2024-07-17T19:07:22.601+08:00 DEBUG 18888 --- [SpringApplicationShutdownHook] o.s.c.support.DefaultLifecycleProcessor  : Stopping beans in phase 2147482623
2024-07-17T19:07:22.602+08:00 DEBUG 18888 --- [SpringApplicationShutdownHook] o.s.c.support.DefaultLifecycleProcessor  : Bean 'webServerGracefulShutdown' completed its stop procedure
2024-07-17T19:07:22.602+08:00 DEBUG 18888 --- [SpringApplicationShutdownHook] o.s.c.support.DefaultLifecycleProcessor  : Stopping beans in phase 2147481599
2024-07-17T19:07:22.619+08:00 DEBUG 18888 --- [SpringApplicationShutdownHook] o.s.c.support.DefaultLifecycleProcessor  : Bean 'webServerStartStop' completed its stop procedure
2024-07-17T19:07:22.619+08:00 DEBUG 18888 --- [SpringApplicationShutdownHook] o.s.c.support.DefaultLifecycleProcessor  : Stopping beans in phase -2147483647
2024-07-17T19:07:22.620+08:00 DEBUG 18888 --- [SpringApplicationShutdownHook] o.s.c.support.DefaultLifecycleProcessor  : Bean 'springBootLoggingLifecycle' completed its stop procedure
2024-07-17T19:07:22.622+08:00 DEBUG 18888 --- [SpringApplicationShutdownHook] o.s.s.concurrent.ThreadPoolTaskExecutor  : Shutting down ExecutorService 'applicationTaskExecutor'
2024-07-17T19:07:22.622+08:00  INFO 18888 --- [SpringApplicationShutdownHook] com.zaxxer.hikari.HikariDataSource       : HikariPool-1 - Shutdown initiated...
2024-07-17T19:07:22.625+08:00  INFO 18888 --- [SpringApplicationShutdownHook] com.zaxxer.hikari.HikariDataSource       : HikariPool-1 - Shutdown completed.
